# JRE version: OpenJDK Runtime Environment (8.0_202-b03) (build 1.8.0_202-release-1483-b03)
# Java VM: OpenJDK 64-Bit Server VM (25.202-b03 mixed mode windows-amd64 compressed oops)
Heap:
 PSYoungGen      total 341504K, used 229143K [0x00000000e0000000, 0x00000000f9580000, 0x0000000100000000)
  eden space 304640K, 70% used [0x00000000e0000000,0x00000000ed22d730,0x00000000f2980000)
  from space 36864K, 37% used [0x00000000f2980000,0x00000000f3718868,0x00000000f4d80000)
  to   space 34816K, 0% used [0x00000000f7380000,0x00000000f7380000,0x00000000f9580000)
 ParOldGen       total 126464K, used 92255K [0x00000000a0000000, 0x00000000a7b80000, 0x00000000e0000000)
  object space 126464K, 72% used [0x00000000a0000000,0x00000000a5a17ff8,0x00000000a7b80000)
 Metaspace       used 89868K, capacity 93756K, committed 93912K, reserved 1130496K
  class space    used 11725K, capacity 12495K, committed 12504K, reserved 1048576K
GC Heap History (10 events):
Event: 82.862 GC heap before
{Heap before GC invocations=18 (full 3):
 PSYoungGen      total 236032K, used 230812K [0x00000000e0000000, 0x00000000f0400000, 0x0000000100000000)
  eden space 222208K, 100% used [0x00000000e0000000,0x00000000ed900000,0x00000000ed900000)
  from space 13824K, 62% used [0x00000000ef680000,0x00000000efee7208,0x00000000f0400000)
  to   space 22016K, 0% used [0x00000000ed900000,0x00000000ed900000,0x00000000eee80000)
 ParOldGen       total 126464K, used 44119K [0x00000000a0000000, 0x00000000a7b80000, 0x00000000e0000000)
  object space 126464K, 34% used [0x00000000a0000000,0x00000000a2b15de0,0x00000000a7b80000)
 Metaspace       used 78415K, capacity 81306K, committed 81496K, reserved 1120256K
  class space    used 10425K, capacity 11062K, committed 11096K, reserved 1048576K
Event: 82.899 GC heap after
Heap after GC invocations=18 (full 3):
 PSYoungGen      total 244224K, used 21999K [0x00000000e0000000, 0x00000000f3680000, 0x0000000100000000)
  eden space 222208K, 0% used [0x00000000e0000000,0x00000000e0000000,0x00000000ed900000)
  from space 22016K, 99% used [0x00000000ed900000,0x00000000eee7bde8,0x00000000eee80000)
  to   space 25600K, 0% used [0x00000000f1d80000,0x00000000f1d80000,0x00000000f3680000)
 ParOldGen       total 126464K, used 45865K [0x00000000a0000000, 0x00000000a7b80000, 0x00000000e0000000)
  object space 126464K, 36% used [0x00000000a0000000,0x00000000a2cca400,0x00000000a7b80000)
 Metaspace       used 78415K, capacity 81306K, committed 81496K, reserved 1120256K
  class space    used 10425K, capacity 11062K, committed 11096K, reserved 1048576K
}
Event: 86.330 GC heap before
{Heap before GC invocations=19 (full 3):
 PSYoungGen      total 244224K, used 244207K [0x00000000e0000000, 0x00000000f3680000, 0x0000000100000000)
  eden space 222208K, 100% used [0x00000000e0000000,0x00000000ed900000,0x00000000ed900000)
  from space 22016K, 99% used [0x00000000ed900000,0x00000000eee7bde8,0x00000000eee80000)
  to   space 25600K, 0% used [0x00000000f1d80000,0x00000000f1d80000,0x00000000f3680000)
 ParOldGen       total 126464K, used 45865K [0x00000000a0000000, 0x00000000a7b80000, 0x00000000e0000000)
  object space 126464K, 36% used [0x00000000a0000000,0x00000000a2cca400,0x00000000a7b80000)
 Metaspace       used 83784K, capacity 87178K, committed 87384K, reserved 1124352K
  class space    used 11149K, capacity 11864K, committed 11864K, reserved 1048576K
Event: 86.372 GC heap after
Heap after GC invocations=19 (full 3):
 PSYoungGen      total 293376K, used 9197K [0x00000000e0000000, 0x00000000f3680000, 0x0000000100000000)
  eden space 267776K, 0% used [0x00000000e0000000,0x00000000e0000000,0x00000000f0580000)
  from space 25600K, 35% used [0x00000000f1d80000,0x00000000f267b540,0x00000000f3680000)
  to   space 24576K, 0% used [0x00000000f0580000,0x00000000f0580000,0x00000000f1d80000)
 ParOldGen       total 126464K, used 58668K [0x00000000a0000000, 0x00000000a7b80000, 0x00000000e0000000)
  object space 126464K, 46% used [0x00000000a0000000,0x00000000a394b288,0x00000000a7b80000)
 Metaspace       used 83784K, capacity 87178K, committed 87384K, reserved 1124352K
  class space    used 11149K, capacity 11864K, committed 11864K, reserved 1048576K
}
Event: 90.946 GC heap before
{Heap before GC invocations=20 (full 3):
 PSYoungGen      total 293376K, used 276973K [0x00000000e0000000, 0x00000000f3680000, 0x0000000100000000)
  eden space 267776K, 100% used [0x00000000e0000000,0x00000000f0580000,0x00000000f0580000)
  from space 25600K, 35% used [0x00000000f1d80000,0x00000000f267b540,0x00000000f3680000)
  to   space 24576K, 0% used [0x00000000f0580000,0x00000000f0580000,0x00000000f1d80000)
 ParOldGen       total 126464K, used 58668K [0x00000000a0000000, 0x00000000a7b80000, 0x00000000e0000000)
  object space 126464K, 46% used [0x00000000a0000000,0x00000000a394b288,0x00000000a7b80000)
 Metaspace       used 85702K, capacity 89368K, committed 89560K, reserved 1126400K
  class space    used 11401K, capacity 12139K, committed 12248K, reserved 1048576K
Event: 91.013 GC heap after
Heap after GC invocations=20 (full 3):
 PSYoungGen      total 292352K, used 24562K [0x00000000e0000000, 0x00000000f7500000, 0x0000000100000000)
  eden space 267776K, 0% used [0x00000000e0000000,0x00000000e0000000,0x00000000f0580000)
  from space 24576K, 99% used [0x00000000f0580000,0x00000000f1d7cb38,0x00000000f1d80000)
  to   space 36864K, 0% used [0x00000000f5100000,0x00000000f5100000,0x00000000f7500000)
 ParOldGen       total 126464K, used 81690K [0x00000000a0000000, 0x00000000a7b80000, 0x00000000e0000000)
  object space 126464K, 64% used [0x00000000a0000000,0x00000000a4fc6a58,0x00000000a7b80000)
 Metaspace       used 85702K, capacity 89368K, committed 89560K, reserved 1126400K
  class space    used 11401K, capacity 12139K, committed 12248K, reserved 1048576K
}
Event: 102.473 GC heap before
{Heap before GC invocations=21 (full 3):
 PSYoungGen      total 292352K, used 292338K [0x00000000e0000000, 0x00000000f7500000, 0x0000000100000000)
  eden space 267776K, 100% used [0x00000000e0000000,0x00000000f0580000,0x00000000f0580000)
  from space 24576K, 99% used [0x00000000f0580000,0x00000000f1d7cb38,0x00000000f1d80000)
  to   space 36864K, 0% used [0x00000000f5100000,0x00000000f5100000,0x00000000f7500000)
 ParOldGen       total 126464K, used 81690K [0x00000000a0000000, 0x00000000a7b80000, 0x00000000e0000000)
  object space 126464K, 64% used [0x00000000a0000000,0x00000000a4fc6a58,0x00000000a7b80000)
 Metaspace       used 87327K, capacity 91122K, committed 91224K, reserved 1128448K
  class space    used 11589K, capacity 12340K, committed 12376K, reserved 1048576K
Event: 102.530 GC heap after
Heap after GC invocations=21 (full 3):
 PSYoungGen      total 337920K, used 2691K [0x00000000e0000000, 0x00000000f7180000, 0x0000000100000000)
  eden space 304640K, 0% used [0x00000000e0000000,0x00000000e0000000,0x00000000f2980000)
  from space 33280K, 8% used [0x00000000f5100000,0x00000000f53a0c50,0x00000000f7180000)
  to   space 36864K, 0% used [0x00000000f2980000,0x00000000f2980000,0x00000000f4d80000)
 ParOldGen       total 126464K, used 92255K [0x00000000a0000000, 0x00000000a7b80000, 0x00000000e0000000)
  object space 126464K, 72% used [0x00000000a0000000,0x00000000a5a17ff8,0x00000000a7b80000)
 Metaspace       used 87327K, capacity 91122K, committed 91224K, reserved 1128448K
  class space    used 11589K, capacity 12340K, committed 12376K, reserved 1048576K
}
Event: 107.037 GC heap before
{Heap before GC invocations=22 (full 3):
 PSYoungGen      total 337920K, used 307331K [0x00000000e0000000, 0x00000000f7180000, 0x0000000100000000)
  eden space 304640K, 100% used [0x00000000e0000000,0x00000000f2980000,0x00000000f2980000)
  from space 33280K, 8% used [0x00000000f5100000,0x00000000f53a0c50,0x00000000f7180000)
  to   space 36864K, 0% used [0x00000000f2980000,0x00000000f2980000,0x00000000f4d80000)
 ParOldGen       total 126464K, used 92255K [0x00000000a0000000, 0x00000000a7b80000, 0x00000000e0000000)
  object space 126464K, 72% used [0x00000000a0000000,0x00000000a5a17ff8,0x00000000a7b80000)
 Metaspace       used 89575K, capacity 93382K, committed 93656K, reserved 1130496K
  class space    used 11705K, capacity 12422K, committed 12504K, reserved 1048576K
Event: 107.076 GC heap after
Heap after GC invocations=22 (full 3):
 PSYoungGen      total 341504K, used 13922K [0x00000000e0000000, 0x00000000f9580000, 0x0000000100000000)
  eden space 304640K, 0% used [0x00000000e0000000,0x00000000e0000000,0x00000000f2980000)
  from space 36864K, 37% used [0x00000000f2980000,0x00000000f3718868,0x00000000f4d80000)
  to   space 34816K, 0% used [0x00000000f7380000,0x00000000f7380000,0x00000000f9580000)
 ParOldGen       total 126464K, used 92255K [0x00000000a0000000, 0x00000000a7b80000, 0x00000000e0000000)
  object space 126464K, 72% used [0x00000000a0000000,0x00000000a5a17ff8,0x00000000a7b80000)
 Metaspace       used 89575K, capacity 93382K, committed 93656K, reserved 1130496K
  class space    used 11705K, capacity 12422K, committed 12504K, reserved 1048576K
}

